{"C:\\Projects\\comments-app\\src\\app.js": {"path":"C:\\Projects\\comments-app\\src\\app.js","statementMap":{"0":{"start":{"line":13,"column":12},"end":{"line":13,"column":21}},"1":{"start":{"line":15,"column":0},"end":{"line":20,"column":2}},"2":{"start":{"line":23,"column":0},"end":{"line":23,"column":24}},"3":{"start":{"line":24,"column":0},"end":{"line":24,"column":23}},"4":{"start":{"line":25,"column":0},"end":{"line":25,"column":24}},"5":{"start":{"line":28,"column":0},"end":{"line":28,"column":28}},"6":{"start":{"line":29,"column":0},"end":{"line":29,"column":28}},"7":{"start":{"line":30,"column":0},"end":{"line":30,"column":28}},"8":{"start":{"line":31,"column":0},"end":{"line":31,"column":31}},"9":{"start":{"line":33,"column":0},"end":{"line":35,"column":3}},"10":{"start":{"line":34,"column":2},"end":{"line":34,"column":59}}},"fnMap":{"0":{"name":"(anonymous_0)","decl":{"start":{"line":33,"column":8},"end":{"line":33,"column":9}},"loc":{"start":{"line":33,"column":28},"end":{"line":35,"column":1}},"line":33}},"branchMap":{},"s":{"0":1,"1":1,"2":1,"3":1,"4":1,"5":1,"6":1,"7":1,"8":1,"9":1,"10":0},"f":{"0":0},"b":{},"_coverageSchema":"1a1c01bbd47fc00a2c39e90264f33305004495a9","hash":"8132a566b6305a566072e498f763eb27c708e068"}
,"C:\\Projects\\comments-app\\src\\config.js": {"path":"C:\\Projects\\comments-app\\src\\config.js","statementMap":{"0":{"start":{"line":2,"column":0},"end":{"line":2,"column":9}},"1":{"start":{"line":4,"column":20},"end":{"line":4,"column":44}},"2":{"start":{"line":5,"column":23},"end":{"line":5,"column":57}},"3":{"start":{"line":6,"column":23},"end":{"line":6,"column":52}},"4":{"start":{"line":7,"column":27},"end":{"line":7,"column":56}},"5":{"start":{"line":8,"column":27},"end":{"line":8,"column":61}},"6":{"start":{"line":9,"column":23},"end":{"line":9,"column":52}},"7":{"start":{"line":11,"column":28},"end":{"line":11,"column":45}},"8":{"start":{"line":13,"column":28},"end":{"line":13,"column":79}}},"fnMap":{},"branchMap":{"0":{"loc":{"start":{"line":4,"column":20},"end":{"line":4,"column":44}},"type":"binary-expr","locations":[{"start":{"line":4,"column":20},"end":{"line":4,"column":36}},{"start":{"line":4,"column":40},"end":{"line":4,"column":44}}],"line":4},"1":{"loc":{"start":{"line":5,"column":23},"end":{"line":5,"column":57}},"type":"binary-expr","locations":[{"start":{"line":5,"column":23},"end":{"line":5,"column":42}},{"start":{"line":5,"column":46},"end":{"line":5,"column":57}}],"line":5},"2":{"loc":{"start":{"line":6,"column":23},"end":{"line":6,"column":52}},"type":"binary-expr","locations":[{"start":{"line":6,"column":23},"end":{"line":6,"column":42}},{"start":{"line":6,"column":46},"end":{"line":6,"column":52}}],"line":6},"3":{"loc":{"start":{"line":7,"column":27},"end":{"line":7,"column":56}},"type":"binary-expr","locations":[{"start":{"line":7,"column":27},"end":{"line":7,"column":50}},{"start":{"line":7,"column":54},"end":{"line":7,"column":56}}],"line":7},"4":{"loc":{"start":{"line":8,"column":27},"end":{"line":8,"column":61}},"type":"binary-expr","locations":[{"start":{"line":8,"column":27},"end":{"line":8,"column":50}},{"start":{"line":8,"column":54},"end":{"line":8,"column":61}}],"line":8},"5":{"loc":{"start":{"line":9,"column":23},"end":{"line":9,"column":52}},"type":"binary-expr","locations":[{"start":{"line":9,"column":23},"end":{"line":9,"column":42}},{"start":{"line":9,"column":46},"end":{"line":9,"column":52}}],"line":9},"6":{"loc":{"start":{"line":13,"column":28},"end":{"line":13,"column":79}},"type":"binary-expr","locations":[{"start":{"line":13,"column":28},"end":{"line":13,"column":52}},{"start":{"line":13,"column":56},"end":{"line":13,"column":79}}],"line":13}},"s":{"0":2,"1":2,"2":2,"3":2,"4":2,"5":2,"6":2,"7":2,"8":2},"f":{},"b":{"0":[2,0],"1":[2,0],"2":[2,0],"3":[2,2],"4":[2,0],"5":[2,0],"6":[2,0]},"_coverageSchema":"1a1c01bbd47fc00a2c39e90264f33305004495a9","hash":"b773c64ab342de7a2330aa448e5577400897feac"}
,"C:\\Projects\\comments-app\\src\\db.js": {"path":"C:\\Projects\\comments-app\\src\\db.js","statementMap":{"0":{"start":{"line":12,"column":20},"end":{"line":18,"column":2}},"1":{"start":{"line":21,"column":25},"end":{"line":30,"column":2}},"2":{"start":{"line":33,"column":0},"end":{"line":42,"column":1}},"3":{"start":{"line":34,"column":2},"end":{"line":41,"column":7}},"4":{"start":{"line":37,"column":6},"end":{"line":37,"column":57}},"5":{"start":{"line":40,"column":6},"end":{"line":40,"column":61}}},"fnMap":{"0":{"name":"(anonymous_0)","decl":{"start":{"line":36,"column":10},"end":{"line":36,"column":11}},"loc":{"start":{"line":36,"column":16},"end":{"line":38,"column":5}},"line":36},"1":{"name":"(anonymous_1)","decl":{"start":{"line":39,"column":11},"end":{"line":39,"column":12}},"loc":{"start":{"line":39,"column":22},"end":{"line":41,"column":5}},"line":39}},"branchMap":{"0":{"loc":{"start":{"line":33,"column":0},"end":{"line":42,"column":1}},"type":"if","locations":[{"start":{"line":33,"column":0},"end":{"line":42,"column":1}},{"start":{},"end":{}}],"line":33},"1":{"loc":{"start":{"line":33,"column":4},"end":{"line":33,"column":76}},"type":"binary-expr","locations":[{"start":{"line":33,"column":4},"end":{"line":33,"column":42}},{"start":{"line":33,"column":46},"end":{"line":33,"column":76}}],"line":33}},"s":{"0":2,"1":2,"2":2,"3":0,"4":0,"5":0},"f":{"0":0,"1":0},"b":{"0":[0,2],"1":[2,2]},"_coverageSchema":"1a1c01bbd47fc00a2c39e90264f33305004495a9","hash":"5321969d2dda522df5a83eca35cf211d32d04b90"}
,"C:\\Projects\\comments-app\\src\\controllers\\auth.controller.js": {"path":"C:\\Projects\\comments-app\\src\\controllers\\auth.controller.js","statementMap":{"0":{"start":{"line":5,"column":24},"end":{"line":9,"column":1}},"1":{"start":{"line":6,"column":30},"end":{"line":6,"column":38}},"2":{"start":{"line":8,"column":2},"end":{"line":8,"column":26}},"3":{"start":{"line":11,"column":21},"end":{"line":40,"column":1}},"4":{"start":{"line":12,"column":30},"end":{"line":12,"column":38}},"5":{"start":{"line":14,"column":2},"end":{"line":39,"column":3}},"6":{"start":{"line":15,"column":22},"end":{"line":15,"column":69}},"7":{"start":{"line":17,"column":4},"end":{"line":19,"column":5}},"8":{"start":{"line":18,"column":6},"end":{"line":18,"column":66}},"9":{"start":{"line":21,"column":20},"end":{"line":21,"column":70}},"10":{"start":{"line":23,"column":4},"end":{"line":25,"column":5}},"11":{"start":{"line":24,"column":6},"end":{"line":24,"column":71}},"12":{"start":{"line":27,"column":18},"end":{"line":27,"column":63}},"13":{"start":{"line":29,"column":4},"end":{"line":29,"column":31}},"14":{"start":{"line":31,"column":4},"end":{"line":34,"column":7}},"15":{"start":{"line":36,"column":4},"end":{"line":38,"column":7}},"16":{"start":{"line":42,"column":22},"end":{"line":48,"column":1}},"17":{"start":{"line":43,"column":2},"end":{"line":45,"column":5}},"18":{"start":{"line":47,"column":2},"end":{"line":47,"column":29}},"19":{"start":{"line":50,"column":23},"end":{"line":68,"column":1}},"20":{"start":{"line":51,"column":2},"end":{"line":67,"column":3}},"21":{"start":{"line":52,"column":19},"end":{"line":52,"column":30}},"22":{"start":{"line":53,"column":22},"end":{"line":53,"column":45}},"23":{"start":{"line":55,"column":4},"end":{"line":57,"column":5}},"24":{"start":{"line":56,"column":6},"end":{"line":56,"column":66}},"25":{"start":{"line":60,"column":4},"end":{"line":62,"column":7}},"26":{"start":{"line":64,"column":4},"end":{"line":66,"column":7}},"27":{"start":{"line":70,"column":27},"end":{"line":88,"column":1}},"28":{"start":{"line":71,"column":20},"end":{"line":71,"column":31}},"29":{"start":{"line":72,"column":2},"end":{"line":72,"column":37}},"30":{"start":{"line":72,"column":14},"end":{"line":72,"column":37}},"31":{"start":{"line":74,"column":2},"end":{"line":87,"column":5}},"32":{"start":{"line":75,"column":4},"end":{"line":75,"column":42}},"33":{"start":{"line":75,"column":15},"end":{"line":75,"column":42}},"34":{"start":{"line":77,"column":19},"end":{"line":77,"column":26}},"35":{"start":{"line":79,"column":22},"end":{"line":79,"column":45}},"36":{"start":{"line":81,"column":4},"end":{"line":81,"column":47}},"37":{"start":{"line":81,"column":20},"end":{"line":81,"column":47}},"38":{"start":{"line":83,"column":4},"end":{"line":86,"column":7}}},"fnMap":{"0":{"name":"(anonymous_0)","decl":{"start":{"line":5,"column":24},"end":{"line":5,"column":25}},"loc":{"start":{"line":5,"column":38},"end":{"line":9,"column":1}},"line":5},"1":{"name":"(anonymous_1)","decl":{"start":{"line":11,"column":21},"end":{"line":11,"column":22}},"loc":{"start":{"line":11,"column":41},"end":{"line":40,"column":1}},"line":11},"2":{"name":"(anonymous_2)","decl":{"start":{"line":42,"column":22},"end":{"line":42,"column":23}},"loc":{"start":{"line":42,"column":42},"end":{"line":48,"column":1}},"line":42},"3":{"name":"(anonymous_3)","decl":{"start":{"line":50,"column":23},"end":{"line":50,"column":24}},"loc":{"start":{"line":50,"column":43},"end":{"line":68,"column":1}},"line":50},"4":{"name":"(anonymous_4)","decl":{"start":{"line":70,"column":27},"end":{"line":70,"column":28}},"loc":{"start":{"line":70,"column":47},"end":{"line":88,"column":1}},"line":70},"5":{"name":"(anonymous_5)","decl":{"start":{"line":74,"column":34},"end":{"line":74,"column":35}},"loc":{"start":{"line":74,"column":57},"end":{"line":87,"column":3}},"line":74}},"branchMap":{"0":{"loc":{"start":{"line":17,"column":4},"end":{"line":19,"column":5}},"type":"if","locations":[{"start":{"line":17,"column":4},"end":{"line":19,"column":5}},{"start":{},"end":{}}],"line":17},"1":{"loc":{"start":{"line":23,"column":4},"end":{"line":25,"column":5}},"type":"if","locations":[{"start":{"line":23,"column":4},"end":{"line":25,"column":5}},{"start":{},"end":{}}],"line":23},"2":{"loc":{"start":{"line":55,"column":4},"end":{"line":57,"column":5}},"type":"if","locations":[{"start":{"line":55,"column":4},"end":{"line":57,"column":5}},{"start":{},"end":{}}],"line":55},"3":{"loc":{"start":{"line":72,"column":2},"end":{"line":72,"column":37}},"type":"if","locations":[{"start":{"line":72,"column":2},"end":{"line":72,"column":37}},{"start":{},"end":{}}],"line":72},"4":{"loc":{"start":{"line":75,"column":4},"end":{"line":75,"column":42}},"type":"if","locations":[{"start":{"line":75,"column":4},"end":{"line":75,"column":42}},{"start":{},"end":{}}],"line":75},"5":{"loc":{"start":{"line":81,"column":4},"end":{"line":81,"column":47}},"type":"if","locations":[{"start":{"line":81,"column":4},"end":{"line":81,"column":47}},{"start":{},"end":{}}],"line":81}},"s":{"0":1,"1":0,"2":0,"3":1,"4":0,"5":0,"6":0,"7":0,"8":0,"9":0,"10":0,"11":0,"12":0,"13":0,"14":0,"15":0,"16":1,"17":0,"18":0,"19":1,"20":0,"21":0,"22":0,"23":0,"24":0,"25":0,"26":0,"27":1,"28":0,"29":0,"30":0,"31":0,"32":0,"33":0,"34":0,"35":0,"36":0,"37":0,"38":0},"f":{"0":0,"1":0,"2":0,"3":0,"4":0,"5":0},"b":{"0":[0,0],"1":[0,0],"2":[0,0],"3":[0,0],"4":[0,0],"5":[0,0]},"_coverageSchema":"1a1c01bbd47fc00a2c39e90264f33305004495a9","hash":"b2fb3904233f9415e5a342699b10b48440603057"}
,"C:\\Projects\\comments-app\\src\\controllers\\comment.controller.js": {"path":"C:\\Projects\\comments-app\\src\\controllers\\comment.controller.js","statementMap":{"0":{"start":{"line":3,"column":26},"end":{"line":114,"column":1}},"1":{"start":{"line":5,"column":4},"end":{"line":5,"column":34}},"2":{"start":{"line":6,"column":4},"end":{"line":18,"column":5}},"3":{"start":{"line":7,"column":23},"end":{"line":7,"column":46}},"4":{"start":{"line":9,"column":6},"end":{"line":12,"column":9}},"5":{"start":{"line":14,"column":6},"end":{"line":17,"column":9}},"6":{"start":{"line":22,"column":4},"end":{"line":39,"column":5}},"7":{"start":{"line":23,"column":21},"end":{"line":23,"column":31}},"8":{"start":{"line":25,"column":21},"end":{"line":25,"column":47}},"9":{"start":{"line":27,"column":6},"end":{"line":29,"column":7}},"10":{"start":{"line":28,"column":8},"end":{"line":28,"column":70}},"11":{"start":{"line":31,"column":6},"end":{"line":33,"column":9}},"12":{"start":{"line":35,"column":6},"end":{"line":38,"column":9}},"13":{"start":{"line":44,"column":4},"end":{"line":61,"column":5}},"14":{"start":{"line":45,"column":37},"end":{"line":45,"column":45}},"15":{"start":{"line":47,"column":21},"end":{"line":50,"column":8}},"16":{"start":{"line":52,"column":6},"end":{"line":55,"column":9}},"17":{"start":{"line":57,"column":6},"end":{"line":60,"column":9}},"18":{"start":{"line":65,"column":4},"end":{"line":89,"column":5}},"19":{"start":{"line":66,"column":21},"end":{"line":66,"column":31}},"20":{"start":{"line":68,"column":37},"end":{"line":68,"column":45}},"21":{"start":{"line":70,"column":21},"end":{"line":70,"column":47}},"22":{"start":{"line":71,"column":6},"end":{"line":73,"column":7}},"23":{"start":{"line":72,"column":8},"end":{"line":72,"column":70}},"24":{"start":{"line":75,"column":6},"end":{"line":78,"column":9}},"25":{"start":{"line":80,"column":6},"end":{"line":83,"column":9}},"26":{"start":{"line":85,"column":6},"end":{"line":88,"column":9}},"27":{"start":{"line":93,"column":4},"end":{"line":112,"column":5}},"28":{"start":{"line":94,"column":21},"end":{"line":94,"column":31}},"29":{"start":{"line":96,"column":21},"end":{"line":96,"column":47}},"30":{"start":{"line":98,"column":6},"end":{"line":100,"column":7}},"31":{"start":{"line":99,"column":8},"end":{"line":99,"column":70}},"32":{"start":{"line":102,"column":6},"end":{"line":102,"column":29}},"33":{"start":{"line":104,"column":6},"end":{"line":106,"column":9}},"34":{"start":{"line":108,"column":6},"end":{"line":111,"column":9}}},"fnMap":{"0":{"name":"(anonymous_0)","decl":{"start":{"line":4,"column":9},"end":{"line":4,"column":10}},"loc":{"start":{"line":4,"column":29},"end":{"line":19,"column":3}},"line":4},"1":{"name":"(anonymous_1)","decl":{"start":{"line":21,"column":8},"end":{"line":21,"column":9}},"loc":{"start":{"line":21,"column":28},"end":{"line":40,"column":3}},"line":21},"2":{"name":"(anonymous_2)","decl":{"start":{"line":42,"column":9},"end":{"line":42,"column":10}},"loc":{"start":{"line":42,"column":29},"end":{"line":62,"column":3}},"line":42},"3":{"name":"(anonymous_3)","decl":{"start":{"line":64,"column":10},"end":{"line":64,"column":11}},"loc":{"start":{"line":64,"column":30},"end":{"line":90,"column":3}},"line":64},"4":{"name":"(anonymous_4)","decl":{"start":{"line":92,"column":11},"end":{"line":92,"column":12}},"loc":{"start":{"line":92,"column":31},"end":{"line":113,"column":3}},"line":92}},"branchMap":{"0":{"loc":{"start":{"line":27,"column":6},"end":{"line":29,"column":7}},"type":"if","locations":[{"start":{"line":27,"column":6},"end":{"line":29,"column":7}},{"start":{},"end":{}}],"line":27},"1":{"loc":{"start":{"line":71,"column":6},"end":{"line":73,"column":7}},"type":"if","locations":[{"start":{"line":71,"column":6},"end":{"line":73,"column":7}},{"start":{},"end":{}}],"line":71},"2":{"loc":{"start":{"line":98,"column":6},"end":{"line":100,"column":7}},"type":"if","locations":[{"start":{"line":98,"column":6},"end":{"line":100,"column":7}},{"start":{},"end":{}}],"line":98}},"s":{"0":1,"1":1,"2":1,"3":1,"4":1,"5":0,"6":0,"7":0,"8":0,"9":0,"10":0,"11":0,"12":0,"13":2,"14":2,"15":2,"16":2,"17":0,"18":0,"19":0,"20":0,"21":0,"22":0,"23":0,"24":0,"25":0,"26":0,"27":2,"28":2,"29":2,"30":2,"31":1,"32":1,"33":1,"34":0},"f":{"0":1,"1":0,"2":2,"3":0,"4":2},"b":{"0":[0,0],"1":[0,0],"2":[1,1]},"_coverageSchema":"1a1c01bbd47fc00a2c39e90264f33305004495a9","hash":"e44566015c9ed37ed6e78a2c7215b0259beb9f59"}
,"C:\\Projects\\comments-app\\src\\controllers\\role.controller.js": {"path":"C:\\Projects\\comments-app\\src\\controllers\\role.controller.js","statementMap":{"0":{"start":{"line":5,"column":24},"end":{"line":14,"column":1}},"1":{"start":{"line":6,"column":2},"end":{"line":13,"column":3}},"2":{"start":{"line":7,"column":20},"end":{"line":7,"column":40}},"3":{"start":{"line":8,"column":4},"end":{"line":8,"column":22}},"4":{"start":{"line":10,"column":4},"end":{"line":12,"column":74}},"5":{"start":{"line":17,"column":26},"end":{"line":37,"column":1}},"6":{"start":{"line":18,"column":2},"end":{"line":36,"column":3}},"7":{"start":{"line":19,"column":21},"end":{"line":19,"column":29}},"8":{"start":{"line":20,"column":19},"end":{"line":22,"column":6}},"9":{"start":{"line":24,"column":4},"end":{"line":30,"column":7}},"10":{"start":{"line":32,"column":4},"end":{"line":35,"column":7}},"11":{"start":{"line":40,"column":23},"end":{"line":58,"column":1}},"12":{"start":{"line":41,"column":2},"end":{"line":57,"column":3}},"13":{"start":{"line":42,"column":19},"end":{"line":42,"column":29}},"14":{"start":{"line":44,"column":19},"end":{"line":44,"column":76}},"15":{"start":{"line":46,"column":4},"end":{"line":48,"column":5}},"16":{"start":{"line":47,"column":6},"end":{"line":47,"column":68}},"17":{"start":{"line":50,"column":4},"end":{"line":52,"column":7}},"18":{"start":{"line":54,"column":4},"end":{"line":56,"column":7}},"19":{"start":{"line":61,"column":26},"end":{"line":87,"column":1}},"20":{"start":{"line":62,"column":2},"end":{"line":86,"column":3}},"21":{"start":{"line":63,"column":19},"end":{"line":63,"column":29}},"22":{"start":{"line":65,"column":21},"end":{"line":65,"column":29}},"23":{"start":{"line":67,"column":21},"end":{"line":70,"column":5}},"24":{"start":{"line":72,"column":4},"end":{"line":74,"column":5}},"25":{"start":{"line":73,"column":6},"end":{"line":73,"column":68}},"26":{"start":{"line":76,"column":19},"end":{"line":76,"column":77}},"27":{"start":{"line":78,"column":4},"end":{"line":81,"column":7}},"28":{"start":{"line":83,"column":4},"end":{"line":85,"column":7}},"29":{"start":{"line":90,"column":26},"end":{"line":109,"column":1}},"30":{"start":{"line":91,"column":2},"end":{"line":108,"column":3}},"31":{"start":{"line":92,"column":19},"end":{"line":92,"column":29}},"32":{"start":{"line":94,"column":19},"end":{"line":94,"column":74}},"33":{"start":{"line":96,"column":4},"end":{"line":98,"column":5}},"34":{"start":{"line":97,"column":6},"end":{"line":97,"column":68}},"35":{"start":{"line":100,"column":4},"end":{"line":102,"column":7}},"36":{"start":{"line":104,"column":4},"end":{"line":107,"column":7}}},"fnMap":{"0":{"name":"(anonymous_0)","decl":{"start":{"line":5,"column":24},"end":{"line":5,"column":25}},"loc":{"start":{"line":5,"column":44},"end":{"line":14,"column":1}},"line":5},"1":{"name":"(anonymous_1)","decl":{"start":{"line":17,"column":26},"end":{"line":17,"column":27}},"loc":{"start":{"line":17,"column":46},"end":{"line":37,"column":1}},"line":17},"2":{"name":"(anonymous_2)","decl":{"start":{"line":40,"column":23},"end":{"line":40,"column":24}},"loc":{"start":{"line":40,"column":43},"end":{"line":58,"column":1}},"line":40},"3":{"name":"(anonymous_3)","decl":{"start":{"line":61,"column":26},"end":{"line":61,"column":27}},"loc":{"start":{"line":61,"column":46},"end":{"line":87,"column":1}},"line":61},"4":{"name":"(anonymous_4)","decl":{"start":{"line":90,"column":26},"end":{"line":90,"column":27}},"loc":{"start":{"line":90,"column":46},"end":{"line":109,"column":1}},"line":90}},"branchMap":{"0":{"loc":{"start":{"line":46,"column":4},"end":{"line":48,"column":5}},"type":"if","locations":[{"start":{"line":46,"column":4},"end":{"line":48,"column":5}},{"start":{},"end":{}}],"line":46},"1":{"loc":{"start":{"line":72,"column":4},"end":{"line":74,"column":5}},"type":"if","locations":[{"start":{"line":72,"column":4},"end":{"line":74,"column":5}},{"start":{},"end":{}}],"line":72},"2":{"loc":{"start":{"line":96,"column":4},"end":{"line":98,"column":5}},"type":"if","locations":[{"start":{"line":96,"column":4},"end":{"line":98,"column":5}},{"start":{},"end":{}}],"line":96}},"s":{"0":1,"1":0,"2":0,"3":0,"4":0,"5":1,"6":0,"7":0,"8":0,"9":0,"10":0,"11":1,"12":0,"13":0,"14":0,"15":0,"16":0,"17":0,"18":0,"19":1,"20":0,"21":0,"22":0,"23":0,"24":0,"25":0,"26":0,"27":0,"28":0,"29":1,"30":0,"31":0,"32":0,"33":0,"34":0,"35":0,"36":0},"f":{"0":0,"1":0,"2":0,"3":0,"4":0},"b":{"0":[0,0],"1":[0,0],"2":[0,0]},"_coverageSchema":"1a1c01bbd47fc00a2c39e90264f33305004495a9","hash":"2b691afc6b601045ad4b0bed000895cb14509d2c"}
,"C:\\Projects\\comments-app\\src\\controllers\\user.controller.js": {"path":"C:\\Projects\\comments-app\\src\\controllers\\user.controller.js","statementMap":{"0":{"start":{"line":6,"column":23},"end":{"line":204,"column":1}},"1":{"start":{"line":8,"column":4},"end":{"line":8,"column":34}},"2":{"start":{"line":9,"column":17},"end":{"line":9,"column":46}},"3":{"start":{"line":10,"column":18},"end":{"line":10,"column":49}},"4":{"start":{"line":11,"column":26},"end":{"line":11,"column":48}},"5":{"start":{"line":12,"column":4},"end":{"line":83,"column":5}},"6":{"start":{"line":13,"column":26},"end":{"line":33,"column":12}},"7":{"start":{"line":35,"column":27},"end":{"line":35,"column":67}},"8":{"start":{"line":37,"column":20},"end":{"line":41,"column":8}},"9":{"start":{"line":44,"column":25},"end":{"line":44,"column":56}},"10":{"start":{"line":46,"column":31},"end":{"line":50,"column":7}},"11":{"start":{"line":47,"column":8},"end":{"line":49,"column":52}},"12":{"start":{"line":52,"column":20},"end":{"line":63,"column":7}},"13":{"start":{"line":57,"column":57},"end":{"line":61,"column":9}},"14":{"start":{"line":65,"column":6},"end":{"line":77,"column":9}},"15":{"start":{"line":79,"column":6},"end":{"line":82,"column":9}},"16":{"start":{"line":87,"column":4},"end":{"line":107,"column":5}},"17":{"start":{"line":88,"column":21},"end":{"line":88,"column":31}},"18":{"start":{"line":90,"column":21},"end":{"line":90,"column":44}},"19":{"start":{"line":92,"column":6},"end":{"line":94,"column":7}},"20":{"start":{"line":93,"column":8},"end":{"line":93,"column":70}},"21":{"start":{"line":96,"column":20},"end":{"line":96,"column":40}},"22":{"start":{"line":98,"column":6},"end":{"line":101,"column":9}},"23":{"start":{"line":103,"column":6},"end":{"line":106,"column":9}},"24":{"start":{"line":112,"column":4},"end":{"line":135,"column":5}},"25":{"start":{"line":113,"column":70},"end":{"line":113,"column":78}},"26":{"start":{"line":115,"column":27},"end":{"line":115,"column":58}},"27":{"start":{"line":117,"column":21},"end":{"line":124,"column":8}},"28":{"start":{"line":126,"column":6},"end":{"line":129,"column":9}},"29":{"start":{"line":131,"column":6},"end":{"line":134,"column":9}},"30":{"start":{"line":139,"column":4},"end":{"line":179,"column":5}},"31":{"start":{"line":140,"column":21},"end":{"line":140,"column":31}},"32":{"start":{"line":142,"column":70},"end":{"line":142,"column":78}},"33":{"start":{"line":144,"column":27},"end":{"line":144,"column":58}},"34":{"start":{"line":146,"column":21},"end":{"line":146,"column":44}},"35":{"start":{"line":147,"column":6},"end":{"line":149,"column":7}},"36":{"start":{"line":148,"column":8},"end":{"line":148,"column":70}},"37":{"start":{"line":151,"column":6},"end":{"line":168,"column":7}},"38":{"start":{"line":152,"column":8},"end":{"line":158,"column":11}},"39":{"start":{"line":160,"column":8},"end":{"line":167,"column":11}},"40":{"start":{"line":170,"column":6},"end":{"line":173,"column":9}},"41":{"start":{"line":175,"column":6},"end":{"line":178,"column":9}},"42":{"start":{"line":183,"column":4},"end":{"line":202,"column":5}},"43":{"start":{"line":184,"column":21},"end":{"line":184,"column":31}},"44":{"start":{"line":186,"column":21},"end":{"line":186,"column":44}},"45":{"start":{"line":188,"column":6},"end":{"line":190,"column":7}},"46":{"start":{"line":189,"column":8},"end":{"line":189,"column":70}},"47":{"start":{"line":192,"column":6},"end":{"line":192,"column":29}},"48":{"start":{"line":194,"column":6},"end":{"line":196,"column":9}},"49":{"start":{"line":198,"column":6},"end":{"line":201,"column":9}}},"fnMap":{"0":{"name":"(anonymous_0)","decl":{"start":{"line":7,"column":9},"end":{"line":7,"column":10}},"loc":{"start":{"line":7,"column":29},"end":{"line":84,"column":3}},"line":7},"1":{"name":"(anonymous_1)","decl":{"start":{"line":46,"column":31},"end":{"line":46,"column":32}},"loc":{"start":{"line":46,"column":44},"end":{"line":50,"column":7}},"line":46},"2":{"name":"(anonymous_2)","decl":{"start":{"line":57,"column":46},"end":{"line":57,"column":47}},"loc":{"start":{"line":57,"column":57},"end":{"line":61,"column":9}},"line":57},"3":{"name":"(anonymous_3)","decl":{"start":{"line":86,"column":8},"end":{"line":86,"column":9}},"loc":{"start":{"line":86,"column":28},"end":{"line":108,"column":3}},"line":86},"4":{"name":"(anonymous_4)","decl":{"start":{"line":110,"column":9},"end":{"line":110,"column":10}},"loc":{"start":{"line":110,"column":29},"end":{"line":136,"column":3}},"line":110},"5":{"name":"(anonymous_5)","decl":{"start":{"line":138,"column":10},"end":{"line":138,"column":11}},"loc":{"start":{"line":138,"column":30},"end":{"line":180,"column":3}},"line":138},"6":{"name":"(anonymous_6)","decl":{"start":{"line":182,"column":11},"end":{"line":182,"column":12}},"loc":{"start":{"line":182,"column":31},"end":{"line":203,"column":3}},"line":182}},"branchMap":{"0":{"loc":{"start":{"line":9,"column":26},"end":{"line":9,"column":45}},"type":"binary-expr","locations":[{"start":{"line":9,"column":26},"end":{"line":9,"column":40}},{"start":{"line":9,"column":44},"end":{"line":9,"column":45}}],"line":9},"1":{"loc":{"start":{"line":10,"column":27},"end":{"line":10,"column":48}},"type":"binary-expr","locations":[{"start":{"line":10,"column":27},"end":{"line":10,"column":42}},{"start":{"line":10,"column":46},"end":{"line":10,"column":48}}],"line":10},"2":{"loc":{"start":{"line":11,"column":26},"end":{"line":11,"column":48}},"type":"binary-expr","locations":[{"start":{"line":11,"column":26},"end":{"line":11,"column":42}},{"start":{"line":11,"column":46},"end":{"line":11,"column":48}}],"line":11},"3":{"loc":{"start":{"line":13,"column":26},"end":{"line":33,"column":12}},"type":"cond-expr","locations":[{"start":{"line":14,"column":10},"end":{"line":32,"column":11}},{"start":{"line":33,"column":10},"end":{"line":33,"column":12}}],"line":13},"4":{"loc":{"start":{"line":47,"column":15},"end":{"line":49,"column":51}},"type":"cond-expr","locations":[{"start":{"line":48,"column":12},"end":{"line":48,"column":16}},{"start":{"line":49,"column":12},"end":{"line":49,"column":51}}],"line":47},"5":{"loc":{"start":{"line":47,"column":15},"end":{"line":47,"column":51}},"type":"binary-expr","locations":[{"start":{"line":47,"column":15},"end":{"line":47,"column":27}},{"start":{"line":47,"column":31},"end":{"line":47,"column":51}}],"line":47},"6":{"loc":{"start":{"line":92,"column":6},"end":{"line":94,"column":7}},"type":"if","locations":[{"start":{"line":92,"column":6},"end":{"line":94,"column":7}},{"start":{},"end":{}}],"line":92},"7":{"loc":{"start":{"line":147,"column":6},"end":{"line":149,"column":7}},"type":"if","locations":[{"start":{"line":147,"column":6},"end":{"line":149,"column":7}},{"start":{},"end":{}}],"line":147},"8":{"loc":{"start":{"line":151,"column":6},"end":{"line":168,"column":7}},"type":"if","locations":[{"start":{"line":151,"column":6},"end":{"line":168,"column":7}},{"start":{"line":159,"column":13},"end":{"line":168,"column":7}}],"line":151},"9":{"loc":{"start":{"line":188,"column":6},"end":{"line":190,"column":7}},"type":"if","locations":[{"start":{"line":188,"column":6},"end":{"line":190,"column":7}},{"start":{},"end":{}}],"line":188}},"s":{"0":1,"1":0,"2":0,"3":0,"4":0,"5":0,"6":0,"7":0,"8":0,"9":0,"10":0,"11":0,"12":0,"13":0,"14":0,"15":0,"16":0,"17":0,"18":0,"19":0,"20":0,"21":0,"22":0,"23":0,"24":0,"25":0,"26":0,"27":0,"28":0,"29":0,"30":0,"31":0,"32":0,"33":0,"34":0,"35":0,"36":0,"37":0,"38":0,"39":0,"40":0,"41":0,"42":0,"43":0,"44":0,"45":0,"46":0,"47":0,"48":0,"49":0},"f":{"0":0,"1":0,"2":0,"3":0,"4":0,"5":0,"6":0},"b":{"0":[0,0],"1":[0,0],"2":[0,0],"3":[0,0],"4":[0,0],"5":[0,0],"6":[0,0],"7":[0,0],"8":[0,0],"9":[0,0]},"_coverageSchema":"1a1c01bbd47fc00a2c39e90264f33305004495a9","hash":"aacde2443100baa68cffe2f7a5d86efe1b351d77"}
,"C:\\Projects\\comments-app\\src\\libs\\jwt.js": {"path":"C:\\Projects\\comments-app\\src\\libs\\jwt.js","statementMap":{"0":{"start":{"line":5,"column":2},"end":{"line":17,"column":5}},"1":{"start":{"line":6,"column":4},"end":{"line":16,"column":6}},"2":{"start":{"line":13,"column":8},"end":{"line":13,"column":29}},"3":{"start":{"line":13,"column":17},"end":{"line":13,"column":29}},"4":{"start":{"line":14,"column":8},"end":{"line":14,"column":23}}},"fnMap":{"0":{"name":"createAccessToken","decl":{"start":{"line":4,"column":16},"end":{"line":4,"column":33}},"loc":{"start":{"line":4,"column":43},"end":{"line":18,"column":1}},"line":4},"1":{"name":"(anonymous_1)","decl":{"start":{"line":5,"column":21},"end":{"line":5,"column":22}},"loc":{"start":{"line":5,"column":42},"end":{"line":17,"column":3}},"line":5},"2":{"name":"(anonymous_2)","decl":{"start":{"line":12,"column":6},"end":{"line":12,"column":7}},"loc":{"start":{"line":12,"column":22},"end":{"line":15,"column":7}},"line":12}},"branchMap":{"0":{"loc":{"start":{"line":13,"column":8},"end":{"line":13,"column":29}},"type":"if","locations":[{"start":{"line":13,"column":8},"end":{"line":13,"column":29}},{"start":{},"end":{}}],"line":13}},"s":{"0":0,"1":0,"2":0,"3":0,"4":0},"f":{"0":0,"1":0,"2":0},"b":{"0":[0,0]},"_coverageSchema":"1a1c01bbd47fc00a2c39e90264f33305004495a9","hash":"7fe03b1cda6c45d760462dc675f3f4188d81d504"}
,"C:\\Projects\\comments-app\\src\\middlewares\\validateToken.js": {"path":"C:\\Projects\\comments-app\\src\\middlewares\\validateToken.js","statementMap":{"0":{"start":{"line":4,"column":28},"end":{"line":15,"column":1}},"1":{"start":{"line":5,"column":20},"end":{"line":5,"column":31}},"2":{"start":{"line":6,"column":2},"end":{"line":7,"column":80}},"3":{"start":{"line":7,"column":4},"end":{"line":7,"column":80}},"4":{"start":{"line":9,"column":2},"end":{"line":14,"column":5}},"5":{"start":{"line":10,"column":4},"end":{"line":10,"column":72}},"6":{"start":{"line":10,"column":13},"end":{"line":10,"column":72}},"7":{"start":{"line":11,"column":4},"end":{"line":11,"column":20}},"8":{"start":{"line":13,"column":4},"end":{"line":13,"column":11}}},"fnMap":{"0":{"name":"(anonymous_0)","decl":{"start":{"line":4,"column":28},"end":{"line":4,"column":29}},"loc":{"start":{"line":4,"column":48},"end":{"line":15,"column":1}},"line":4},"1":{"name":"(anonymous_1)","decl":{"start":{"line":9,"column":34},"end":{"line":9,"column":35}},"loc":{"start":{"line":9,"column":49},"end":{"line":14,"column":3}},"line":9}},"branchMap":{"0":{"loc":{"start":{"line":6,"column":2},"end":{"line":7,"column":80}},"type":"if","locations":[{"start":{"line":6,"column":2},"end":{"line":7,"column":80}},{"start":{},"end":{}}],"line":6},"1":{"loc":{"start":{"line":10,"column":4},"end":{"line":10,"column":72}},"type":"if","locations":[{"start":{"line":10,"column":4},"end":{"line":10,"column":72}},{"start":{},"end":{}}],"line":10}},"s":{"0":1,"1":0,"2":0,"3":0,"4":0,"5":0,"6":0,"7":0,"8":0},"f":{"0":0,"1":0},"b":{"0":[0,0],"1":[0,0]},"_coverageSchema":"1a1c01bbd47fc00a2c39e90264f33305004495a9","hash":"d000bc023f0b72767509a573f4980119828e0558"}
,"C:\\Projects\\comments-app\\src\\models\\comment.model.js": {"path":"C:\\Projects\\comments-app\\src\\models\\comment.model.js","statementMap":{"0":{"start":{"line":4,"column":23},"end":{"line":25,"column":1}}},"fnMap":{},"branchMap":{},"s":{"0":1},"f":{},"b":{},"_coverageSchema":"1a1c01bbd47fc00a2c39e90264f33305004495a9","hash":"20edbc2f4e7b973eb706ab611041aeaaf3f3a7b4"}
,"C:\\Projects\\comments-app\\src\\models\\role.model.js": {"path":"C:\\Projects\\comments-app\\src\\models\\role.model.js","statementMap":{"0":{"start":{"line":4,"column":20},"end":{"line":21,"column":1}}},"fnMap":{},"branchMap":{},"s":{"0":1},"f":{},"b":{},"_coverageSchema":"1a1c01bbd47fc00a2c39e90264f33305004495a9","hash":"0b69a9a8d508627885e8b471f26c9f3e8e356b42"}
,"C:\\Projects\\comments-app\\src\\models\\user.model.js": {"path":"C:\\Projects\\comments-app\\src\\models\\user.model.js","statementMap":{"0":{"start":{"line":5,"column":20},"end":{"line":50,"column":1}},"1":{"start":{"line":52,"column":0},"end":{"line":55,"column":3}},"2":{"start":{"line":57,"column":0},"end":{"line":60,"column":3}}},"fnMap":{},"branchMap":{},"s":{"0":1,"1":1,"2":1},"f":{},"b":{},"_coverageSchema":"1a1c01bbd47fc00a2c39e90264f33305004495a9","hash":"0d59692cae8cbc0cadeff07d41f172a38f507a4f"}
,"C:\\Projects\\comments-app\\src\\routes\\auth.routes.js": {"path":"C:\\Projects\\comments-app\\src\\routes\\auth.routes.js","statementMap":{"0":{"start":{"line":11,"column":15},"end":{"line":11,"column":23}},"1":{"start":{"line":13,"column":0},"end":{"line":13,"column":35}},"2":{"start":{"line":14,"column":0},"end":{"line":14,"column":29}},"3":{"start":{"line":15,"column":0},"end":{"line":15,"column":31}},"4":{"start":{"line":16,"column":0},"end":{"line":16,"column":46}},"5":{"start":{"line":17,"column":0},"end":{"line":17,"column":35}}},"fnMap":{},"branchMap":{},"s":{"0":1,"1":1,"2":1,"3":1,"4":1,"5":1},"f":{},"b":{},"_coverageSchema":"1a1c01bbd47fc00a2c39e90264f33305004495a9","hash":"9dae82340c92ad251514f047b5e34006a99008e1"}
,"C:\\Projects\\comments-app\\src\\routes\\comment.routes.js": {"path":"C:\\Projects\\comments-app\\src\\routes\\comment.routes.js","statementMap":{"0":{"start":{"line":3,"column":15},"end":{"line":3,"column":23}},"1":{"start":{"line":8,"column":0},"end":{"line":8,"column":49}},"2":{"start":{"line":11,"column":0},"end":{"line":11,"column":50}},"3":{"start":{"line":14,"column":0},"end":{"line":14,"column":52}},"4":{"start":{"line":17,"column":0},"end":{"line":17,"column":56}},"5":{"start":{"line":20,"column":0},"end":{"line":20,"column":58}}},"fnMap":{},"branchMap":{},"s":{"0":1,"1":1,"2":1,"3":1,"4":1,"5":1},"f":{},"b":{},"_coverageSchema":"1a1c01bbd47fc00a2c39e90264f33305004495a9","hash":"c3fb96fa6a646a94cde2b83200cc5eb738e1c0d4"}
,"C:\\Projects\\comments-app\\src\\routes\\role.routes.js": {"path":"C:\\Projects\\comments-app\\src\\routes\\role.routes.js","statementMap":{"0":{"start":{"line":11,"column":15},"end":{"line":11,"column":23}},"1":{"start":{"line":14,"column":0},"end":{"line":14,"column":31}},"2":{"start":{"line":17,"column":0},"end":{"line":17,"column":34}},"3":{"start":{"line":20,"column":0},"end":{"line":20,"column":34}},"4":{"start":{"line":23,"column":0},"end":{"line":23,"column":39}},"5":{"start":{"line":26,"column":0},"end":{"line":26,"column":40}}},"fnMap":{},"branchMap":{},"s":{"0":1,"1":1,"2":1,"3":1,"4":1,"5":1},"f":{},"b":{},"_coverageSchema":"1a1c01bbd47fc00a2c39e90264f33305004495a9","hash":"4b98fedabc1fdf67f1f46878c0404c746fcdad6a"}
,"C:\\Projects\\comments-app\\src\\routes\\user.routes.js": {"path":"C:\\Projects\\comments-app\\src\\routes\\user.routes.js","statementMap":{"0":{"start":{"line":3,"column":15},"end":{"line":3,"column":23}},"1":{"start":{"line":8,"column":0},"end":{"line":8,"column":43}},"2":{"start":{"line":11,"column":0},"end":{"line":11,"column":44}},"3":{"start":{"line":14,"column":0},"end":{"line":14,"column":46}},"4":{"start":{"line":17,"column":0},"end":{"line":17,"column":50}},"5":{"start":{"line":20,"column":0},"end":{"line":20,"column":52}}},"fnMap":{},"branchMap":{},"s":{"0":1,"1":1,"2":1,"3":1,"4":1,"5":1},"f":{},"b":{},"_coverageSchema":"1a1c01bbd47fc00a2c39e90264f33305004495a9","hash":"62861e58a90a34bf9cdf4d12ea3081caa04638c5"}
}
